2019-01-11 16:36:30,191 [filter_wheel_control] INFO - Filter change successful. Current position: 1
2019-01-11 16:36:30,191 [filter_wheel_control] CRITICAL - No baud rate found in config file.
2019-01-11 16:36:30,191 [filter_wheel_control] CRITICAL - Unexpected baud rate for ifw filter wheels, 19200 is expected.
2019-01-11 16:36:30,191 [filter_wheel_control] CRITICAL - No data bits number found in config file
2019-01-11 16:36:30,192 [filter_wheel_control] CRITICAL - Unexpected number for data bits, 8 is expected
2019-01-11 16:36:30,192 [filter_wheel_control] CRITICAL - No parity values found in config file
2019-01-11 16:36:30,192 [filter_wheel_control] CRITICAL - Unexpected parity values, "N" is expected
2019-01-11 16:36:30,192 [filter_wheel_control] CRITICAL - No stop bits number found in config file
2019-01-11 16:36:30,192 [filter_wheel_control] CRITICAL - Unexpected number for stop bits, 1 is expected
2019-01-11 16:36:30,193 [filter_wheel_control] INFO - Communication with filter wheel: Closed
2019-01-11 16:36:30,193 [filter_wheel_control] WARNING - Communication port not closed
2019-01-11 16:36:30,193 [filter_wheel_control] ERROR - £ in the name R£D is not a valid character. Please only use "0123456789ABCDEFGHIJKLMNOPQRSTUVWXYZ=.#/-% or a space"
2019-01-11 16:36:30,193 [filter_wheel_control] ERROR - Filter wheel ID not in config file.
2019-01-11 16:36:30,193 [filter_wheel_control] ERROR - One of the names is too long or too short. Must be  <8 but >0
2019-01-11 16:36:30,194 [filter_wheel_control] INFO - Filter ID: A set as home position, at position 1
2019-01-11 16:36:30,194 [filter_wheel_control] INFO - Communication with filter wheel: Closed
2019-01-11 16:36:30,194 [filter_wheel_control] INFO - Filter wheel shutdown.
2019-01-11 16:36:30,195 [filter_wheel_control] INFO - Filter ID: A set as home position, at position 1
2019-01-11 16:36:30,195 [filter_wheel_control] INFO - Filter wheel startup complete.
2019-01-11 16:36:30,196 [filter_wheel_control] ERROR - ER=5. Invalid filter position supplied
2019-01-11 16:36:30,196 [filter_wheel_control] INFO - Filter change successful. Current position: 1
2019-01-11 16:36:30,196 [filter_wheel_control] ERROR - ER=4. Wheel stuck in position, or moving slowly.
2019-01-11 16:36:30,197 [filter_wheel_control] ERROR - ER=6. WARNING! wheel slipping and taking too many step to next position
2019-01-11 16:36:30,197 [filter_wheel_control] CRITICAL - Unexpected Error: TEST ERROR
2019-01-11 16:36:30,197 [filter_wheel_control] CRITICAL - Unexpected Error: ERROR TEST
2019-01-11 16:36:30,197 [filter_wheel_control] INFO - Filter ID: A set as home position, at position 1
2019-01-11 16:36:30,198 [filter_wheel_control] INFO - Filter names successfully stored.
2019-01-11 16:36:30,198 [filter_wheel_control] INFO - Stored filter names updated
2019-01-11 16:36:30,198 [filter_wheel_control] WARNING - Names are identical, stored filter names not changed
2019-01-11 16:36:30,199 [filter_wheel_control] INFO - Filter names successfully stored.
2019-01-11 16:36:30,199 [filter_wheel_control] ERROR - Invalid wheel ID. Please select A,B,C,D,E,F,G or H
2019-01-11 16:36:30,199 [filter_wheel_control] CRITICAL - Unexpected response message:NONE
2019-01-11 16:36:30,200 [filter_wheel_control] CRITICAL - Failed to initialise filter wheel ifw1-SOUTH after 3 attempts..
2019-01-11 16:36:30,200 [filter_wheel_control] INFO - Filter wheel initialisation complete
2019-01-11 16:36:30,200 [filter_wheel_control] INFO - Filter wheel initialisation complete
