2019-01-29_14:28:52_UTC [observing] INFO - Starting 0.02 sec exposure
2019-01-29_14:28:52_UTC [observing] INFO - Exposure complete.
2019-01-29_14:28:52_UTC [observing] WARNING - Unable to get camera temperature
2019-01-29_14:28:52_UTC [observing] WARNING - Unable to get camera temperature
2019-01-29_14:28:52_UTC [observing] INFO - Starting 0.02 sec exposure
2019-01-29_14:28:52_UTC [observing] INFO - Exposure complete.
2019-01-29_14:28:52_UTC [observing] WARNING - Unable to get camera temperature
2019-01-29_14:28:52_UTC [observing] WARNING - Unable to get camera temperature
2019-01-29_14:28:56_UTC [observing] INFO - Starting 0.02 sec exposure
2019-01-29_14:28:56_UTC [observing] INFO - Exposure complete.
2019-01-29_14:28:56_UTC [observing] WARNING - Unable to get camera temperature
2019-01-29_14:28:56_UTC [observing] WARNING - Unable to get camera temperature
2019-01-29_14:28:56_UTC [observing] INFO - Starting 0.02 sec exposure
2019-01-29_14:28:56_UTC [observing] INFO - Exposure complete.
2019-01-29_14:28:56_UTC [observing] WARNING - Unable to get camera temperature
2019-01-29_14:28:56_UTC [observing] WARNING - Unable to get camera temperature
2019-01-30_11:08:17_UTC [observing] INFO - Starting 0.02 sec exposure
2019-01-30_11:08:17_UTC [observing] INFO - Exposure complete.
2019-01-30_11:08:17_UTC [observing] WARNING - Unable to get camera temperature
2019-01-30_11:08:17_UTC [observing] WARNING - Unable to get camera temperature
2019-01-30_11:08:17_UTC [observing] INFO - Starting 0.02 sec exposure
2019-01-30_11:08:17_UTC [observing] INFO - Exposure complete.
2019-01-30_11:08:17_UTC [observing] WARNING - Unable to get camera temperature
2019-01-30_11:08:17_UTC [observing] WARNING - Unable to get camera temperature
2019-01-29_14:28:52_UTC [observing] INFO - Starting 0.02 sec exposure
2019-01-29_14:28:52_UTC [observing] INFO - Exposure complete.
2019-01-29_14:28:52_UTC [observing] WARNING - Unable to get camera temperature
2019-01-29_14:28:52_UTC [observing] WARNING - Unable to get camera temperature
2019-01-29_14:28:52_UTC [observing] INFO - Starting 0.02 sec exposure
2019-01-29_14:28:52_UTC [observing] INFO - Exposure complete.
2019-01-29_14:28:52_UTC [observing] WARNING - Unable to get camera temperature
2019-01-29_14:28:52_UTC [observing] WARNING - Unable to get camera temperature
2019-01-29_14:28:56_UTC [observing] INFO - Starting 0.02 sec exposure
2019-01-29_14:28:56_UTC [observing] INFO - Exposure complete.
2019-01-29_14:28:56_UTC [observing] WARNING - Unable to get camera temperature
2019-01-29_14:28:56_UTC [observing] WARNING - Unable to get camera temperature
2019-01-29_14:28:56_UTC [observing] INFO - Starting 0.02 sec exposure
2019-01-29_14:28:56_UTC [observing] INFO - Exposure complete.
2019-01-29_14:28:56_UTC [observing] WARNING - Unable to get camera temperature
2019-01-29_14:28:56_UTC [observing] WARNING - Unable to get camera temperature
2019-01-30_11:08:17_UTC [observing] INFO - Starting 0.02 sec exposure
2019-01-30_11:08:17_UTC [observing] INFO - Exposure complete.
2019-01-30_11:08:17_UTC [observing] WARNING - Unable to get camera temperature
2019-01-30_11:08:17_UTC [observing] WARNING - Unable to get camera temperature
2019-01-30_11:08:17_UTC [observing] INFO - Starting 0.02 sec exposure
2019-01-30_11:08:17_UTC [observing] INFO - Exposure complete.
2019-01-30_11:08:17_UTC [observing] WARNING - Unable to get camera temperature
2019-01-30_11:08:17_UTC [observing] WARNING - Unable to get camera temperature
2019-01-30_11:08:17_UTC [observing] INFO - Starting 0.02 sec exposure
2019-01-30_11:08:17_UTC [observing] INFO - Exposure complete.
2019-01-30_11:08:17_UTC [observing] WARNING - Unable to get camera temperature
2019-01-30_11:08:17_UTC [observing] WARNING - Unable to get camera temperature
2019-01-30_11:08:17_UTC [observing] INFO - Starting 0.02 sec exposure
2019-01-30_11:08:17_UTC [observing] INFO - Exposure complete.
2019-01-30_11:08:17_UTC [observing] WARNING - Unable to get camera temperature
2019-01-30_11:08:17_UTC [observing] WARNING - Unable to get camera temperature
2019-01-30_11:08:17_UTC [observing] INFO - Starting 0.02 sec exposure
2019-01-30_11:08:17_UTC [observing] INFO - Exposure complete.
2019-01-30_11:08:17_UTC [observing] WARNING - Unable to get camera temperature
2019-01-30_11:08:17_UTC [observing] WARNING - Unable to get camera temperature
2019-01-30_11:08:17_UTC [observing] INFO - Starting 0.02 sec exposure
2019-01-30_11:08:17_UTC [observing] INFO - Exposure complete.
2019-01-30_11:08:17_UTC [observing] WARNING - Unable to get camera temperature
2019-01-30_11:08:17_UTC [observing] WARNING - Unable to get camera temperature
bserving] INFO - Starting 0.02 sec exposure
2019-01-30_11:08:17_UTC [observing] INFO - Exposure complete.
2019-01-30_11:08:17_UTC [observing] WARNING - Unable to get camera temperature
2019-01-30_11:08:17_UTC [observing] WARNING - Unable to get camera temperature
bserving] INFO - Starting 0.02 sec exposure
2019-01-30_11:08:17_UTC [observing] INFO - Exposure complete.
2019-01-30_11:08:17_UTC [observing] WARNING - Unable to get camera temperature
2019-01-30_11:08:17_UTC [observing] WARNING - Unable to get camera temperature
.
2019-01-29_14:28:52_UTC [observing] WARNING - Unable to get camera temperature
2019-01-29_14:28:52_UTC [observing] WARNING - Unable to get camera temperature
2019-01-29_14:28:56_UTC [observing] INFO - Starting 0.02 sec exposure
2019-01-29_14:28:56_UTC [observing] INFO - Exposure complete.
2019-01-29_14:28:56_UTC [observing] WARNING - Unable to get camera temperature
2019-01-29_14:28:56_UTC [observing] WARNING - Unable to get camera temperature
2019-01-29_14:28:56_UTC [observing] INFO - Starting 0.02 sec exposure
2019-01-29_14:28:56_UTC [observing] INFO - Exposure complete.
2019-01-29_14:28:56_UTC [observing] WARNING - Unable to get camera temperature
2019-01-29_14:28:56_UTC [observing] WARNING - Unable to get camera temperature
2019-01-30_11:08:17_UTC [observing] INFO - Starting 0.02 sec exposure
2019-01-30_11:08:17_UTC [observing] INFO - Exposure complete.
2019-01-30_11:08:17_UTC [observing] WARNING - Unable to get camera temperature
2019-01-30_11:08:17_UTC [observing] WARNING - Unable to get camera temperature
2019-01-30_11:08:17_UTC [observing] INFO - Starting 0.02 sec exposure
2019-01-30_11:08:17_UTC [observing] INFO - Exposure complete.
2019-01-30_11:08:17_UTC [observing] WARNING - Unable to get camera temperature
2019-01-30_11:08:17_UTC [observing] WARNING - Unable to get camera temperature
.
2019-01-29_14:28:52_UTC [observing] WARNING - Unable to get camera temperature
2019-01-29_14:28:52_UTC [observing] WARNING - Unable to get camera temperature
2019-01-29_14:28:56_UTC [observing] INFO - Starting 0.02 sec exposure
2019-01-29_14:28:56_UTC [observing] INFO - Exposure complete.
2019-01-29_14:28:56_UTC [observing] WARNING - Unable to get camera temperature
2019-01-29_14:28:56_UTC [observing] WARNING - Unable to get camera temperature
2019-01-29_14:28:56_UTC [observing] INFO - Starting 0.02 sec exposure
2019-01-29_14:28:56_UTC [observing] INFO - Exposure complete.
2019-01-29_14:28:56_UTC [observing] WARNING - Unable to get camera temperature
2019-01-29_14:28:56_UTC [observing] WARNING - Unable to get camera temperature
2019-01-30_11:08:17_UTC [observing] INFO - Starting 0.02 sec exposure
2019-01-30_11:08:17_UTC [observing] INFO - Exposure complete.
2019-01-30_11:08:17_UTC [observing] WARNING - Unable to get camera temperature
2019-01-30_11:08:17_UTC [observing] WARNING - Unable to get camera temperature
2019-01-30_11:08:17_UTC [observing] INFO - Starting 0.02 sec exposure
2019-01-30_11:08:17_UTC [observing] INFO - Exposure complete.
2019-01-30_11:08:17_UTC [observing] WARNING - Unable to get camera temperature
2019-01-30_11:08:17_UTC [observing] WARNING - Unable to get camera temperature
observing] WARNING - Unable to get camera temperature
2019-01-29_14:28:56_UTC [observing] INFO - Starting 0.02 sec exposure
2019-01-29_14:28:56_UTC [observing] INFO - Exposure complete.
2019-01-29_14:28:56_UTC [observing] WARNING - Unable to get camera temperature
2019-01-29_14:28:56_UTC [observing] WARNING - Unable to get camera temperature
2019-01-30_11:08:17_UTC [observing] INFO - Starting 0.02 sec exposure
2019-01-30_11:08:17_UTC [observing] INFO - Exposure complete.
2019-01-30_11:08:17_UTC [observing] WARNING - Unable to get camera temperature
2019-01-30_11:08:17_UTC [observing] WARNING - Unable to get camera temperature
2019-01-30_11:08:17_UTC [observing] INFO - Starting 0.02 sec exposure
2019-01-30_11:08:17_UTC [observing] INFO - Exposure complete.
2019-01-30_11:08:17_UTC [observing] WARNING - Unable to get camera temperature
2019-01-30_11:08:17_UTC [observing] WARNING - Unable to get camera temperature
 to get camera temperature
2019-01-30_11:08:17_UTC [observing] WARNING - Unable to get camera temperature
2019-01-30_11:08:17_UTC [observing] INFO - Starting 0.02 sec exposure
2019-01-30_11:08:17_UTC [observing] INFO - Exposure complete.
2019-01-30_11:08:17_UTC [observing] WARNING - Unable to get camera temperature
2019-01-30_11:08:17_UTC [observing] WARNING - Unable to get camera temperature
bserving] INFO - Starting 0.02 sec exposure
2019-01-30_11:08:17_UTC [observing] INFO - Exposure complete.
2019-01-30_11:08:17_UTC [observing] WARNING - Unable to get camera temperature
2019-01-30_11:08:17_UTC [observing] WARNING - Unable to get camera temperature
0.02 sec exposure
2019-01-30_11:08:17_UTC [observing] INFO - Exposure complete.
2019-01-30_11:08:17_UTC [observing] WARNING - Unable to get camera temperature
2019-01-30_11:08:17_UTC [observing] WARNING - Unable to get camera temperature
2019-01-30_11:08:17_UTC [observing] INFO - Starting 0.02 sec exposure
2019-01-30_11:08:17_UTC [observing] INFO - Exposure complete.
2019-01-30_11:08:17_UTC [observing] WARNING - Unable to get camera temperature
2019-01-30_11:08:17_UTC [observing] WARNING - Unable to get camera temperature
NG - Unable to get camera temperature
2019-01-30_11:08:17_UTC [observing] INFO - Starting 0.02 sec exposure
2019-01-30_11:08:17_UTC [observing] INFO - Exposure complete.
2019-01-30_11:08:17_UTC [observing] WARNING - Unable to get camera temperature
2019-01-30_11:08:17_UTC [observing] WARNING - Unable to get camera temperature
lete.
2019-01-30_11:08:17_UTC [observing] WARNING - Unable to get camera temperature
2019-01-30_11:08:17_UTC [observing] WARNING - Unable to get camera temperature
lete.
2019-01-30_11:08:17_UTC [observing] WARNING - Unable to get camera temperature
2019-01-30_11:08:17_UTC [observing] WARNING - Unable to get camera temperature
lete.
2019-01-30_11:08:17_UTC [observing] WARNING - Unable to get camera temperature
2019-01-30_11:08:17_UTC [observing] WARNING - Unable to get camera temperature
lete.
2019-01-30_11:08:17_UTC [observing] WARNING - Unable to get camera temperature
2019-01-30_11:08:17_UTC [observing] WARNING - Unable to get camera temperature
